<?xml version="1.0" encoding="utf-8" standalone="no"?>
<!--This file represents the results of running a test suite-->
<test-results name="C:\Development\frontoffice\Impos.Common\doshiidotnetintegration\DoshiiDotNetIntegration\DoshiiDotNetIntegration.sln" total="5" errors="1" failures="0" not-run="0" inconclusive="0" ignored="0" skipped="0" invalid="0" date="2015-04-17" time="14:54:21">
  <environment nunit-version="2.6.4.14350" clr-version="2.0.50727.8009" os-version="Microsoft Windows NT 6.2.9200.0" platform="Win32NT" cwd="C:\Program Files (x86)\NUnit 2.6.4\bin" machine-name="LIAM-PC" user="liam.c" user-domain="IMPOS" />
  <culture-info current-culture="en-AU" current-uiculture="en-US" />
  <test-suite type="Project" name="C:\Development\frontoffice\Impos.Common\doshiidotnetintegration\DoshiiDotNetIntegration\DoshiiDotNetIntegration.sln" executed="True" result="Failure" success="False" time="56.947" asserts="0">
    <results>
      <test-suite type="Assembly" name="C:\Development\frontoffice\Impos.Common\doshiidotnetintegration\DoshiiDotNetIntegration\DoshiiDotNetIntegration\bin\Debug\DoshiiDotNetIntegration.dll" executed="True" result="Failure" success="False" time="56.946" asserts="0">
        <results>
          <test-suite type="Namespace" name="DoshiiDotNetIntegration" executed="True" result="Failure" success="False" time="56.946" asserts="0">
            <results>
              <test-suite type="Namespace" name="Tests" executed="True" result="Failure" success="False" time="56.946" asserts="0">
                <results>
                  <test-suite type="TestFixture" name="OperationLogicTest" executed="True" result="Failure" success="False" time="56.945" asserts="0">
                    <results>
                      <test-case name="DoshiiDotNetIntegration.Tests.OperationLogicTest.createTableAllocation_CorrectData" executed="True" result="Error" success="False" time="56.911" asserts="0">
                        <failure>
                          <message><![CDATA[System.InvalidOperationException : When using Arg<T>, all arguments must be defined using Arg<T>.Is, Arg<T>.Text, Arg<T>.List, Arg<T>.Ref or Arg<T>.Out. 3 arguments expected, 2 have been defined.]]></message>
                          <stack-trace><![CDATA[at Rhino.Mocks.ArgManager.CheckMethodSignature(MethodInfo method)
at Rhino.Mocks.Impl.RecordMockState.BuildParamExpectation(IInvocation invocation, MethodInfo method)
at Rhino.Mocks.Impl.RecordMockState.MethodCall(IInvocation invocation, MethodInfo method, Object[] args)
at Rhino.Mocks.Impl.Invocation.Actions.RegularInvocation.PerformAgainst(IInvocation invocation)
at Rhino.Mocks.Impl.RhinoInterceptor.Intercept(IInvocation invocation)
at Castle.Proxies.DoshiiHttpCommunicationProxy137ca870d84f4682901f1045540e1051.MakeRequest(String url, String method, String data)
at DoshiiDotNetIntegration.CommunicationLogic.DoshiiHttpCommunication.PostTableAllocation(String consumerId, String tableName) in c:\Development\frontoffice\Impos.Common\doshiidotnetintegration\DoshiiDotNetIntegration\DoshiiDotNetIntegration\CommunicationLogic\DoshiiHttpCommunication.cs:line 333
at DoshiiDotNetIntegration.Tests.OperationLogicTest.<createTableAllocation_CorrectData>b__2(DoshiiHttpCommunication x) in c:\Development\frontoffice\Impos.Common\doshiidotnetintegration\DoshiiDotNetIntegration\DoshiiDotNetIntegration\Tests\OperationLogicTest.cs:line 85
at Rhino.Mocks.RhinoMocksExtensions.Expect[T,R](T mock, Function`2 action)
at Rhino.Mocks.RhinoMocksExtensions.Stub[T,R](T mock, Function`2 action)
at DoshiiDotNetIntegration.Tests.OperationLogicTest.createTableAllocation_CorrectData() in c:\Development\frontoffice\Impos.Common\doshiidotnetintegration\DoshiiDotNetIntegration\DoshiiDotNetIntegration\Tests\OperationLogicTest.cs:line 85
]]></stack-trace>
                        </failure>
                      </test-case>
                      <test-case name="DoshiiDotNetIntegration.Tests.OperationLogicTest.Initialze_NoSocketTimeOutValue" executed="True" result="Success" success="True" time="0.001" asserts="0" />
                      <test-case name="DoshiiDotNetIntegration.Tests.OperationLogicTest.Initialze_NoSocketUrl" executed="True" result="Success" success="True" time="0.001" asserts="0" />
                      <test-case name="DoshiiDotNetIntegration.Tests.OperationLogicTest.Initialze_NoToken" executed="True" result="Success" success="True" time="0.001" asserts="0" />
                      <test-case name="DoshiiDotNetIntegration.Tests.OperationLogicTest.Initialze_NoUrlBase" executed="True" result="Success" success="True" time="0.001" asserts="0" />
                    </results>
                  </test-suite>
                </results>
              </test-suite>
            </results>
          </test-suite>
        </results>
      </test-suite>
    </results>
  </test-suite>
</test-results>