<?xml version="1.0" encoding="utf-8" standalone="no"?>
<!--This file represents the results of running a test suite-->
<test-results name="C:\Development\frontoffice\Impos.Common\doshiidotnetintegration\DoshiiDotNetIntegration\DoshiiDotNetIntegration.sln" total="11" errors="0" failures="0" not-run="0" inconclusive="0" ignored="0" skipped="0" invalid="0" date="2015-04-21" time="11:09:30">
  <environment nunit-version="2.6.4.14350" clr-version="2.0.50727.8009" os-version="Microsoft Windows NT 6.2.9200.0" platform="Win32NT" cwd="C:\Program Files (x86)\NUnit 2.6.4\bin" machine-name="LIAM-PC" user="liam.c" user-domain="IMPOS" />
  <culture-info current-culture="en-AU" current-uiculture="en-US" />
  <test-suite type="Project" name="C:\Development\frontoffice\Impos.Common\doshiidotnetintegration\DoshiiDotNetIntegration\DoshiiDotNetIntegration.sln" executed="True" result="Success" success="True" time="26.500" asserts="0">
    <results>
      <test-suite type="Assembly" name="C:\Development\frontoffice\Impos.Common\doshiidotnetintegration\DoshiiDotNetIntegration\DoshiiDotNetIntegration\bin\Debug\DoshiiDotNetIntegration.dll" executed="True" result="Success" success="True" time="26.500" asserts="0">
        <results>
          <test-suite type="Namespace" name="DoshiiDotNetIntegration" executed="True" result="Success" success="True" time="26.500" asserts="0">
            <results>
              <test-suite type="Namespace" name="Tests" executed="True" result="Success" success="True" time="26.499" asserts="0">
                <results>
                  <test-suite type="TestFixture" name="OperationLogicTest" executed="True" result="Success" success="True" time="26.499" asserts="0">
                    <results>
                      <test-case name="DoshiiDotNetIntegration.Tests.OperationLogicTest.findCurrentConsumer_ConsumerExistsInList" executed="True" result="Success" success="True" time="0.000" asserts="1" />
                      <test-case name="DoshiiDotNetIntegration.Tests.OperationLogicTest.findCurrentConsumer_ConsumerIsNotInList" executed="True" result="Success" success="True" time="0.000" asserts="1" />
                      <test-case name="DoshiiDotNetIntegration.Tests.OperationLogicTest.Initialze_NoSocketTimeOutValue" executed="True" result="Success" success="True" time="3.681" asserts="0" />
                      <test-case name="DoshiiDotNetIntegration.Tests.OperationLogicTest.Initialze_NoSocketUrl" executed="True" result="Success" success="True" time="0.867" asserts="0" />
                      <test-case name="DoshiiDotNetIntegration.Tests.OperationLogicTest.Initialze_NoToken" executed="True" result="Success" success="True" time="0.766" asserts="0" />
                      <test-case name="DoshiiDotNetIntegration.Tests.OperationLogicTest.Initialze_NoUrlBase" executed="True" result="Success" success="True" time="0.843" asserts="0" />
                      <test-case name="DoshiiDotNetIntegration.Tests.OperationLogicTest.ScoketComsTimeOutValueReached_ShouldCallDissociateDoshiiChecks" executed="True" result="Success" success="True" time="0.023" asserts="0" />
                      <test-case name="DoshiiDotNetIntegration.Tests.OperationLogicTest.SetTableAllocation_ShouldCallPostTableAllocation_withSameParams" executed="True" result="Success" success="True" time="0.023" asserts="0" />
                      <test-case name="DoshiiDotNetIntegration.Tests.OperationLogicTest.SocketComsCheckOutEventHandler_shouldCallCheckoutConsumer_withConsumerCheckinId" executed="True" result="Success" success="True" time="0.024" asserts="0" />
                      <test-case name="DoshiiDotNetIntegration.Tests.OperationLogicTest.SocketComsConnectionEventHandler_shouldCallRefreshConsumerData" executed="True" result="Success" success="True" time="0.025" asserts="0" />
                      <test-case name="DoshiiDotNetIntegration.Tests.OperationLogicTest.SocketComsTableAllocationEventHandler_ShouldCallConfirmTableAllocation_ThenPutTableAllocation" executed="True" result="Success" success="True" time="20.219" asserts="0" />
                    </results>
                  </test-suite>
                </results>
              </test-suite>
            </results>
          </test-suite>
        </results>
      </test-suite>
    </results>
  </test-suite>
</test-results>