<?xml version="1.0" encoding="utf-8" standalone="no"?>
<!--This file represents the results of running a test suite-->
<test-results name="C:\Development\frontoffice\Impos.Common\doshiidotnetintegration\DoshiiDotNetIntegration\DoshiiDotNetIntegration.sln" total="7" errors="1" failures="0" not-run="0" inconclusive="0" ignored="0" skipped="0" invalid="0" date="2015-04-24" time="11:01:58">
  <environment nunit-version="2.6.4.14350" clr-version="2.0.50727.8009" os-version="Microsoft Windows NT 6.2.9200.0" platform="Win32NT" cwd="C:\Program Files (x86)\NUnit 2.6.4\bin" machine-name="LIAM-PC" user="liam.c" user-domain="IMPOS" />
  <culture-info current-culture="en-AU" current-uiculture="en-US" />
  <test-suite type="Project" name="C:\Development\frontoffice\Impos.Common\doshiidotnetintegration\DoshiiDotNetIntegration\DoshiiDotNetIntegration.sln" executed="True" result="Failure" success="False" time="2.295" asserts="0">
    <results>
      <test-suite type="Assembly" name="C:\Development\frontoffice\Impos.Common\doshiidotnetintegration\DoshiiDotNetIntegration\DoshiiDotNetIntegration\bin\Debug\DoshiiDotNetIntegration.dll" executed="True" result="Failure" success="False" time="2.280" asserts="0">
        <results>
          <test-suite type="Namespace" name="DoshiiDotNetIntegration" executed="True" result="Failure" success="False" time="2.280" asserts="0">
            <results>
              <test-suite type="Namespace" name="Tests" executed="True" result="Failure" success="False" time="2.280" asserts="0">
                <results>
                  <test-suite type="TestFixture" name="HttpCommunicationTests" executed="True" result="Failure" success="False" time="2.277" asserts="0">
                    <results>
                      <test-case name="DoshiiDotNetIntegration.Tests.HttpCommunicationTests.Constructor_AllParamatersCorrect" executed="True" result="Success" success="True" time="0.379" asserts="3" />
                      <test-case name="DoshiiDotNetIntegration.Tests.HttpCommunicationTests.Constructor_NoToken" executed="True" result="Success" success="True" time="0.008" asserts="0" />
                      <test-case name="DoshiiDotNetIntegration.Tests.HttpCommunicationTests.Constructor_NoUrl" executed="True" result="Success" success="True" time="0.001" asserts="0" />
                      <test-case name="DoshiiDotNetIntegration.Tests.HttpCommunicationTests.Constructor_OperationLogic" executed="True" result="Success" success="True" time="0.001" asserts="0" />
                      <test-case name="DoshiiDotNetIntegration.Tests.HttpCommunicationTests.GetConsumer_GenerateUrl" executed="True" result="Error" success="False" time="1.393" asserts="0">
                        <failure>
                          <message><![CDATA[DoshiiDotNetIntegration.Exceptions.RestfulApiErrorResponseException : Exception of type 'DoshiiDotNetIntegration.Exceptions.RestfulApiErrorResponseException' was thrown.]]></message>
                          <stack-trace><![CDATA[at DoshiiDotNetIntegration.CommunicationLogic.DoshiiHttpCommunication.GetConsumer(String customerPayPalId) in c:\Development\frontoffice\Impos.Common\doshiidotnetintegration\DoshiiDotNetIntegration\DoshiiDotNetIntegration\CommunicationLogic\DoshiiHttpCommunication.cs:line 100
at Castle.Proxies.DoshiiHttpCommunicationProxyce2c7f7d1e1b4c1b867ed9d42cd901cd.InvocationGetConsumer_fb8291ab13a94a23a6770d5b4488194c.InvokeMethodOnTarget()
at Castle.DynamicProxy.AbstractInvocation.Proceed()
at Rhino.Mocks.Impl.ReplayPartialMockState.DoMethodCall(IInvocation invocation, MethodInfo method, Object[] args)
at Rhino.Mocks.Impl.Invocation.Actions.RegularInvocation.PerformAgainst(IInvocation invocation)
at Rhino.Mocks.Impl.RhinoInterceptor.Intercept(IInvocation invocation)
at Castle.Proxies.DoshiiHttpCommunicationProxyce2c7f7d1e1b4c1b867ed9d42cd901cd.GetConsumer(String customerPayPalId)
at DoshiiDotNetIntegration.Tests.HttpCommunicationTests.GetConsumer_GenerateUrl() in c:\Development\frontoffice\Impos.Common\doshiidotnetintegration\DoshiiDotNetIntegration\DoshiiDotNetIntegration\Tests\HttpCommunicationTests.cs:line 93
]]></stack-trace>
                        </failure>
                      </test-case>
                      <test-case name="DoshiiDotNetIntegration.Tests.HttpCommunicationTests.GetConsumer_MakeRequestThrowsException" executed="True" result="Success" success="True" time="0.031" asserts="0" />
                      <test-case name="DoshiiDotNetIntegration.Tests.HttpCommunicationTests.GetConsumer_ReturnedConumerIsRetreivedConsumer" executed="True" result="Success" success="True" time="0.423" asserts="4" />
                    </results>
                  </test-suite>
                </results>
              </test-suite>
            </results>
          </test-suite>
        </results>
      </test-suite>
    </results>
  </test-suite>
</test-results>