<?xml version="1.0" encoding="utf-8" standalone="no"?>
<!--This file represents the results of running a test suite-->
<test-results name="C:\Development\frontoffice\Impos.Common\doshiidotnetintegration\DoshiiDotNetIntegration\DoshiiDotNetIntegration.sln" total="53" errors="1" failures="0" not-run="0" inconclusive="0" ignored="0" skipped="0" invalid="0" date="2015-04-23" time="22:26:25">
  <environment nunit-version="2.6.4.14350" clr-version="2.0.50727.8009" os-version="Microsoft Windows NT 6.2.9200.0" platform="Win32NT" cwd="C:\Program Files (x86)\NUnit 2.6.4\bin" machine-name="LIAM-PC" user="liam.c" user-domain="IMPOS" />
  <culture-info current-culture="en-AU" current-uiculture="en-US" />
  <test-suite type="Project" name="C:\Development\frontoffice\Impos.Common\doshiidotnetintegration\DoshiiDotNetIntegration\DoshiiDotNetIntegration.sln" executed="True" result="Failure" success="False" time="84.503" asserts="0">
    <results>
      <test-suite type="Assembly" name="C:\Development\frontoffice\Impos.Common\doshiidotnetintegration\DoshiiDotNetIntegration\DoshiiDotNetIntegration\bin\Debug\DoshiiDotNetIntegration.dll" executed="True" result="Failure" success="False" time="84.488" asserts="0">
        <results>
          <test-suite type="Namespace" name="DoshiiDotNetIntegration" executed="True" result="Failure" success="False" time="84.488" asserts="0">
            <results>
              <test-suite type="Namespace" name="Tests" executed="True" result="Failure" success="False" time="84.488" asserts="0">
                <results>
                  <test-suite type="TestFixture" name="OperationLogicTest" executed="True" result="Failure" success="False" time="84.485" asserts="0">
                    <results>
                      <test-case name="DoshiiDotNetIntegration.Tests.OperationLogicTest.AddNewProducts_ShouldCall_PostProductData" executed="True" result="Success" success="True" time="3.956" asserts="0" />
                      <test-case name="DoshiiDotNetIntegration.Tests.OperationLogicTest.DeleteAllProducts_ShouldCall_DeleteProductData" executed="True" result="Success" success="True" time="0.899" asserts="0" />
                      <test-case name="DoshiiDotNetIntegration.Tests.OperationLogicTest.DeleteProducts_ShouldCall_DeleteProduct" executed="True" result="Success" success="True" time="0.917" asserts="0" />
                      <test-case name="DoshiiDotNetIntegration.Tests.OperationLogicTest.DeleteTableAllocation_CallsRejectTableAllocation" executed="True" result="Success" success="True" time="0.866" asserts="0" />
                      <test-case name="DoshiiDotNetIntegration.Tests.OperationLogicTest.findCurrentConsumer_ConsumerExistsInList" executed="True" result="Success" success="True" time="0.005" asserts="1" />
                      <test-case name="DoshiiDotNetIntegration.Tests.OperationLogicTest.findCurrentConsumer_ConsumerIsNotInList" executed="True" result="Success" success="True" time="0.002" asserts="1" />
                      <test-case name="DoshiiDotNetIntegration.Tests.OperationLogicTest.GetAllProducts_ShouldCall_GetDoshiiProducts" executed="True" result="Success" success="True" time="0.035" asserts="0" />
                      <test-case name="DoshiiDotNetIntegration.Tests.OperationLogicTest.GetCheckedInConsumersFromDoshii_CallsGetConsumers" executed="True" result="Success" success="True" time="0.839" asserts="0" />
                      <test-case name="DoshiiDotNetIntegration.Tests.OperationLogicTest.GetConsumer_CallsGetConsumer" executed="True" result="Success" success="True" time="0.926" asserts="0" />
                      <test-case name="DoshiiDotNetIntegration.Tests.OperationLogicTest.GetOrder_ShouldCall_GetOrder" executed="True" result="Success" success="True" time="1.025" asserts="0" />
                      <test-case name="DoshiiDotNetIntegration.Tests.OperationLogicTest.Initialze_NoSocketTimeOutValue" executed="True" result="Success" success="True" time="12.961" asserts="0" />
                      <test-case name="DoshiiDotNetIntegration.Tests.OperationLogicTest.Initialze_NoSocketUrl" executed="True" result="Success" success="True" time="1.834" asserts="0" />
                      <test-case name="DoshiiDotNetIntegration.Tests.OperationLogicTest.Initialze_NoToken" executed="True" result="Success" success="True" time="1.409" asserts="0" />
                      <test-case name="DoshiiDotNetIntegration.Tests.OperationLogicTest.Initialze_NoUrlBase" executed="True" result="Success" success="True" time="1.349" asserts="0" />
                      <test-case name="DoshiiDotNetIntegration.Tests.OperationLogicTest.RefreshConsumerData_RemoveCheckinsFromThePos" executed="True" result="Success" success="True" time="0.063" asserts="0" />
                      <test-case name="DoshiiDotNetIntegration.Tests.OperationLogicTest.RefreshConsumerData_SetSeatingAndOrderConfigurationFails" executed="True" result="Success" success="True" time="0.049" asserts="0" />
                      <test-case name="DoshiiDotNetIntegration.Tests.OperationLogicTest.RefreshConsumerData_SetSeatingAndOrderConfigurationPasses" executed="True" result="Error" success="False" time="56.812" asserts="0">
                        <failure>
                          <message><![CDATA[System.NullReferenceException : Object reference not set to an instance of an object.]]></message>
                          <stack-trace><![CDATA[at DoshiiDotNetIntegration.DoshiiOperationLogic.RequestPaymentForOrder(Order order) in c:\Development\frontoffice\Impos.Common\doshiidotnetintegration\DoshiiDotNetIntegration\DoshiiDotNetIntegration\DoshiiOperationLogic.cs:line 493
at Castle.Proxies.DoshiiOperationLogicProxy751e4808816842d38cd17f02a074c5b7.RequestPaymentForOrder_callback_12(Order order)
at Castle.Proxies.DoshiiOperationLogicProxy751e4808816842d38cd17f02a074c5b7.InvocationRequestPaymentForOrder_60a91d0a17e14683aa6f5f741bed3e76.InvokeMethodOnTarget()
at Castle.DynamicProxy.AbstractInvocation.Proceed()
at Rhino.Mocks.Impl.ReplayPartialMockState.DoMethodCall(IInvocation invocation, MethodInfo method, Object[] args)
at Rhino.Mocks.Impl.ReplayMockState.MethodCall(IInvocation invocation, MethodInfo method, Object[] args)
at Rhino.Mocks.MockRepository.MethodCall(IInvocation invocation, Object proxy, MethodInfo method, Object[] args)
at Rhino.Mocks.Impl.Invocation.Actions.RegularInvocation.PerformAgainst(IInvocation invocation)
at Rhino.Mocks.Impl.RhinoInterceptor.Intercept(IInvocation invocation)
at Castle.DynamicProxy.AbstractInvocation.Proceed()
at Castle.Proxies.DoshiiOperationLogicProxy751e4808816842d38cd17f02a074c5b7.RequestPaymentForOrder(Order order)
at DoshiiDotNetIntegration.DoshiiOperationLogic.RefreshConsumerData() in c:\Development\frontoffice\Impos.Common\doshiidotnetintegration\DoshiiDotNetIntegration\DoshiiDotNetIntegration\DoshiiOperationLogic.cs:line 194
at Castle.Proxies.DoshiiOperationLogicProxy751e4808816842d38cd17f02a074c5b7.RefreshConsumerData_callback_3()
at Castle.Proxies.DoshiiOperationLogicProxy751e4808816842d38cd17f02a074c5b7.InvocationRefreshConsumerData_3780492370d644e296f2a8cb380ca949.InvokeMethodOnTarget()
at Castle.DynamicProxy.AbstractInvocation.Proceed()
at Rhino.Mocks.Impl.ReplayPartialMockState.DoMethodCall(IInvocation invocation, MethodInfo method, Object[] args)
at Rhino.Mocks.Impl.ReplayMockState.MethodCall(IInvocation invocation, MethodInfo method, Object[] args)
at Rhino.Mocks.MockRepository.MethodCall(IInvocation invocation, Object proxy, MethodInfo method, Object[] args)
at Rhino.Mocks.Impl.Invocation.Actions.RegularInvocation.PerformAgainst(IInvocation invocation)
at Rhino.Mocks.Impl.RhinoInterceptor.Intercept(IInvocation invocation)
at Castle.DynamicProxy.AbstractInvocation.Proceed()
at Castle.Proxies.DoshiiOperationLogicProxy751e4808816842d38cd17f02a074c5b7.RefreshConsumerData()
at DoshiiDotNetIntegration.Tests.OperationLogicTest.RefreshConsumerData_SetSeatingAndOrderConfigurationPasses() in c:\Development\frontoffice\Impos.Common\doshiidotnetintegration\DoshiiDotNetIntegration\DoshiiDotNetIntegration\Tests\OperationLogicTest.cs:line 831
]]></stack-trace>
                        </failure>
                      </test-case>
                      <test-case name="DoshiiDotNetIntegration.Tests.OperationLogicTest.RequestPaymentForOrder_BistroMode_FullyPaid" executed="True" result="Success" success="True" time="0.112" asserts="0" />
                      <test-case name="DoshiiDotNetIntegration.Tests.OperationLogicTest.RequestPaymentForOrder_BistroMode_FullyPaid_DontDeleteAllocation" executed="True" result="Success" success="True" time="0.005" asserts="0" />
                      <test-case name="DoshiiDotNetIntegration.Tests.OperationLogicTest.RequestPaymentForOrder_BistroMode_PartialPayment" executed="True" result="Success" success="True" time="0.003" asserts="0" />
                      <test-case name="DoshiiDotNetIntegration.Tests.OperationLogicTest.RequestPaymentForOrder_BistroMode_PartialPayment_DontDeleteAllocation" executed="True" result="Success" success="True" time="0.003" asserts="0" />
                      <test-case name="DoshiiDotNetIntegration.Tests.OperationLogicTest.RequestPaymentForOrder_PutOrderException" executed="True" result="Success" success="True" time="0.003" asserts="0" />
                      <test-case name="DoshiiDotNetIntegration.Tests.OperationLogicTest.RequestPaymentForOrder_RestaurantMode_FullyPaid" executed="True" result="Success" success="True" time="0.004" asserts="0" />
                      <test-case name="DoshiiDotNetIntegration.Tests.OperationLogicTest.RequestPaymentForOrder_RestaurantMode_FullyPaid_DontDeleteAllocation" executed="True" result="Success" success="True" time="0.003" asserts="0" />
                      <test-case name="DoshiiDotNetIntegration.Tests.OperationLogicTest.RequestPaymentForOrder_RestaurantMode_PartialPayment" executed="True" result="Success" success="True" time="0.003" asserts="0" />
                      <test-case name="DoshiiDotNetIntegration.Tests.OperationLogicTest.RequestPaymentForOrder_RestaurantMode_PartialPayment_DontDeleteAllocation" executed="True" result="Success" success="True" time="0.003" asserts="0" />
                      <test-case name="DoshiiDotNetIntegration.Tests.OperationLogicTest.ScoketComsTimeOutValueReached_ShouldCallDissociateDoshiiChecks" executed="True" result="Success" success="True" time="0.006" asserts="0" />
                      <test-case name="DoshiiDotNetIntegration.Tests.OperationLogicTest.SetTableAllocation_CallsPostTableAllocation" executed="True" result="Success" success="True" time="0.003" asserts="0" />
                      <test-case name="DoshiiDotNetIntegration.Tests.OperationLogicTest.SocketComsCheckOutEventHandler_shouldCallCheckoutConsumer_withConsumerCheckinId" executed="True" result="Success" success="True" time="0.001" asserts="0" />
                      <test-case name="DoshiiDotNetIntegration.Tests.OperationLogicTest.SocketComsConnectionEventHandler_shouldCallRefreshConsumerData" executed="True" result="Success" success="True" time="0.002" asserts="0" />
                      <test-case name="DoshiiDotNetIntegration.Tests.OperationLogicTest.SocketComsConsumerCheckinEventHandler_ShouldCallRecordCheckedInUser" executed="True" result="Success" success="True" time="0.003" asserts="0" />
                      <test-case name="DoshiiDotNetIntegration.Tests.OperationLogicTest.SocketComsOrderStatusEventHandler_CancelledStatus_ShouldCallRecordOrderUpdatedAtTime_AndConfirmOrderTotalsBeforePaymentRestaurantMode_AndRequestPaymentForOrder" executed="True" result="Success" success="True" time="0.005" asserts="0" />
                      <test-case name="DoshiiDotNetIntegration.Tests.OperationLogicTest.SocketComsOrderStatusEventHandler_CancelledStatus_ShouldCallRecordOrderUpdatedAtTime_AndOrderCancled" executed="True" result="Success" success="True" time="0.003" asserts="0" />
                      <test-case name="DoshiiDotNetIntegration.Tests.OperationLogicTest.SocketComsOrderStatusEventHandler_NewStatus_BistroMode_FailedAvailability" executed="True" result="Success" success="True" time="0.005" asserts="0" />
                      <test-case name="DoshiiDotNetIntegration.Tests.OperationLogicTest.SocketComsOrderStatusEventHandler_NewStatus_BistroMode_PassedAvailabliity" executed="True" result="Success" success="True" time="0.005" asserts="0" />
                      <test-case name="DoshiiDotNetIntegration.Tests.OperationLogicTest.SocketComsOrderStatusEventHandler_NewStatus_BistroMode_PaymentWithRemainder" executed="True" result="Success" success="True" time="0.004" asserts="0" />
                      <test-case name="DoshiiDotNetIntegration.Tests.OperationLogicTest.SocketComsOrderStatusEventHandler_NewStatus_RestaurantMode_FailedAvailabliity" executed="True" result="Success" success="True" time="0.004" asserts="0" />
                      <test-case name="DoshiiDotNetIntegration.Tests.OperationLogicTest.SocketComsOrderStatusEventHandler_NewStatus_RestaurantMode_PassedAvailabliity" executed="True" result="Success" success="True" time="0.003" asserts="0" />
                      <test-case name="DoshiiDotNetIntegration.Tests.OperationLogicTest.SocketComsOrderStatusEventHandler_PendingStatus_BistroMode_FailedAvailability" executed="True" result="Success" success="True" time="0.003" asserts="0" />
                      <test-case name="DoshiiDotNetIntegration.Tests.OperationLogicTest.SocketComsOrderStatusEventHandler_PendingStatus_BistroMode_PassedAvailabliity" executed="True" result="Success" success="True" time="0.004" asserts="0" />
                      <test-case name="DoshiiDotNetIntegration.Tests.OperationLogicTest.SocketComsOrderStatusEventHandler_PendingStatus_BistroMode_PaymentWithRemainder" executed="True" result="Success" success="True" time="0.004" asserts="0" />
                      <test-case name="DoshiiDotNetIntegration.Tests.OperationLogicTest.SocketComsOrderStatusEventHandler_PendingStatus_RestaurantMode_FailedAvailabliity" executed="True" result="Success" success="True" time="0.003" asserts="0" />
                      <test-case name="DoshiiDotNetIntegration.Tests.OperationLogicTest.SocketComsOrderStatusEventHandler_PendingStatus_RestaurantMode_PassedAvailabliity" executed="True" result="Success" success="True" time="0.003" asserts="0" />
                      <test-case name="DoshiiDotNetIntegration.Tests.OperationLogicTest.SocketComsTableAllocationEventHandler_ShouldCallConfirmTableAllocation_ThenPutTableAllocation" executed="True" result="Success" success="True" time="0.005" asserts="0" />
                      <test-case name="DoshiiDotNetIntegration.Tests.OperationLogicTest.SocketComsTableAllocationEventHandler_ShouldCallConfirmTableAllocation_ThenRejectTableAllocation__NotWithTableDoesNotExist" executed="True" result="Success" success="True" time="0.002" asserts="0" />
                      <test-case name="DoshiiDotNetIntegration.Tests.OperationLogicTest.SocketComsTableAllocationEventHandler_ShouldCallConfirmTableAllocation_ThenRejectTableAllocation__WithTableDoesNotExist" executed="True" result="Success" success="True" time="0.002" asserts="0" />
                      <test-case name="DoshiiDotNetIntegration.Tests.OperationLogicTest.UpdateOrder_ExistingOrder_ExistingOrder_ConflictUpdating" executed="True" result="Success" success="True" time="0.003" asserts="0" />
                      <test-case name="DoshiiDotNetIntegration.Tests.OperationLogicTest.UpdateOrder_ExistingOrder_NewOrder_ConflictUpdating" executed="True" result="Success" success="True" time="0.003" asserts="0" />
                      <test-case name="DoshiiDotNetIntegration.Tests.OperationLogicTest.UpdateOrder_ExistingOrder_WhenOrderAccepted_CallsPutOrder" executed="True" result="Success" success="True" time="0.002" asserts="0" />
                      <test-case name="DoshiiDotNetIntegration.Tests.OperationLogicTest.UpdateOrder_ExistingOrder_WhenOrderPaid_CallsPutOrder_CheckOutConsumerWithCheckinId" executed="True" result="Success" success="True" time="0.005" asserts="0" />
                      <test-case name="DoshiiDotNetIntegration.Tests.OperationLogicTest.UpdateOrder_NewOrder_WhenOrderAccepted_CallsPostOrder" executed="True" result="Success" success="True" time="0.003" asserts="0" />
                      <test-case name="DoshiiDotNetIntegration.Tests.OperationLogicTest.UpdateOrder_NewOrder_WhenOrderPaid_CallsPostOrder_CheckOutConsumerWithCheckinId" executed="True" result="Success" success="True" time="0.003" asserts="0" />
                      <test-case name="DoshiiDotNetIntegration.Tests.OperationLogicTest.UpdateProducts_ShouldCall_PutProductData" executed="True" result="Success" success="True" time="0.004" asserts="0" />
                    </results>
                  </test-suite>
                </results>
              </test-suite>
            </results>
          </test-suite>
        </results>
      </test-suite>
    </results>
  </test-suite>
</test-results>